<?xml version="1.0" encoding="UTF-8"?>
<testng-results ignored="0" total="1" passed="1" failed="0" skipped="0">
  <reporter-output>
  </reporter-output>
  <suite started-at="2022-07-29T16:10:22 EDT" name="Default suite" finished-at="2022-07-29T16:10:24 EDT" duration-ms="2851">
    <groups>
    </groups>
    <test started-at="2022-07-29T16:10:22 EDT" name="Default test" finished-at="2022-07-29T16:10:24 EDT" duration-ms="2851">
      <class name="test.TestClass">
        <test-method is-config="true" signature="setUP()[pri:0, instance:test.TestClass@61001b64]" started-at="2022-07-29T16:10:22 EDT" name="setUP" finished-at="2022-07-29T16:10:24 EDT" duration-ms="2696" status="PASS">
          <reporter-output>
          </reporter-output>
        </test-method> <!-- setUP -->
        <test-method signature="test()[pri:0, instance:test.TestClass@61001b64]" started-at="2022-07-29T16:10:24 EDT" name="test" finished-at="2022-07-29T16:10:24 EDT" duration-ms="4" status="PASS">
          <reporter-output>
          </reporter-output>
        </test-method> <!-- test -->
        <test-method is-config="true" signature="terminate()[pri:0, instance:test.TestClass@61001b64]" started-at="2022-07-29T16:10:24 EDT" name="terminate" finished-at="2022-07-29T16:10:24 EDT" duration-ms="131" status="PASS">
          <reporter-output>
          </reporter-output>
        </test-method> <!-- terminate -->
      </class> <!-- test.TestClass -->
    </test> <!-- Default test -->
  </suite> <!-- Default suite -->
</testng-results>
